<?xml version="1.0" encoding="UTF-8"?>
<beans xmlns="http://www.springframework.org/schema/beans"
	xmlns:xsi="http://www.w3.org/2001/XMLSchema-instance" xmlns:p="http://www.springframework.org/schema/p"
	xmlns:batch="http://www.springframework.org/schema/batch"
	xsi:schemaLocation="http://www.springframework.org/schema/batch http://www.springframework.org/schema/batch/spring-batch.xsd
		http://www.springframework.org/schema/beans http://www.springframework.org/schema/beans/spring-beans.xsd
		http://www.springframework.org/schema/context http://www.springframework.org/schema/context/spring-context.xsd">

	<batch:job id="testJob" job-repository="jobRepository">

		<batch:step id="testStep" next="testChunk">
			<batch:tasklet ref="testTasklet" />
		</batch:step>

		<batch:step id="testChunk">
			<batch:tasklet>
				<batch:listeners merge="true">
					<batch:listener ref="testChunkListener" />
				</batch:listeners>
				<batch:chunk reader="testReader" processor="testProcessor"
					writer="testWriter" commit-interval="1" skip-limit="1">
					<batch:skippable-exception-classes>
						<batch:include class="java.lang.IllegalStateException" />
					</batch:skippable-exception-classes>
				</batch:chunk>
			</batch:tasklet>
		</batch:step>

	</batch:job>


	<bean id="testTasklet" class="it.albertus.spring.batch.TestTasklet" />

	<bean id="testReader"
		class="org.springframework.batch.item.database.JdbcPagingItemReader">
		<property name="dataSource" ref="dataSource" />
		<property name="queryProvider" ref="pagingQueryProvider" />
		<property name="pageSize" value="4" />
		<property name="rowMapper" ref="readerRowMapper" />
	</bean>

	<bean id="readerRowMapper" class="it.albertus.spring.batch.TestReaderRowMapper" />

	<bean id="pagingQueryProvider"
		class="org.springframework.batch.item.database.support.SqlPagingQueryProviderFactoryBean">
		<property name="dataSource" ref="dataSource" />
		<property name="selectClause" value="SELECT id, text_string" />
		<property name="fromClause" value="FROM b_test_source" />
		<property name="sortKey" value="id" />
	</bean>

	<bean id="testProcessor" class="it.albertus.spring.batch.TestProcessor" />

	<bean id="testWriter" class="it.albertus.spring.batch.TestWriter">
		<property name="statement"
			value="INSERT INTO b_test_destination (id, text_length) VALUES (s_b_test_destination.NEXTVAL, ?)" />
		<property name="errorPercentage" value="5" />
	</bean>

	<bean id="testChunkListener" class="it.albertus.spring.batch.TestChunkListener" />

	<bean id="defaultResultCompletionPolicy"
		class="org.springframework.batch.repeat.policy.DefaultResultCompletionPolicy" />

</beans>
