<?xml version="1.0" encoding="UTF-8"?>
<beans xmlns="http://www.springframework.org/schema/beans"
	xmlns:xsi="http://www.w3.org/2001/XMLSchema-instance" xmlns:p="http://www.springframework.org/schema/p"
	xmlns:util="http://www.springframework.org/schema/util" xmlns:context="http://www.springframework.org/schema/context"
	xmlns:aop="http://www.springframework.org/schema/aop" xmlns:batch="http://www.springframework.org/schema/batch"
	xsi:schemaLocation="http://www.springframework.org/schema/batch http://www.springframework.org/schema/batch/spring-batch.xsd
		http://www.springframework.org/schema/beans http://www.springframework.org/schema/beans/spring-beans.xsd
		http://www.springframework.org/schema/aop http://www.springframework.org/schema/aop/spring-aop.xsd
		http://www.springframework.org/schema/util http://www.springframework.org/schema/util/spring-util.xsd
		http://www.springframework.org/schema/context http://www.springframework.org/schema/context/spring-context.xsd">

	<batch:job id="testJob" job-repository="jobRepository">

		<batch:step id="testStep" next="testChunk">
			<batch:tasklet ref="testTasklet" />
		</batch:step>

		<batch:step id="testChunk">
			<batch:tasklet>
				<batch:chunk reader="testReader" processor="testProcessor"
					writer="testWriter" commit-interval="1" />
			</batch:tasklet>
		</batch:step>

	</batch:job>

	<bean id="testTasklet" class="it.albertus.spring.batch.TestTasklet" />

	<bean id="testReader" class="it.albertus.spring.batch.TestReader">
		<property name="statement" value="SELECT text_string FROM b_test_source" />
	</bean>

	<bean id="testProcessor" class="it.albertus.spring.batch.TestProcessor" />

	<bean id="testWriter" class="it.albertus.spring.batch.TestWriter">
		<property name="statement"
			value="INSERT INTO b_test_destination (id, text_length) VALUES (s_b_test_destination.NEXTVAL, ?)" />
	</bean>

	<!-- COMMIT solo alla fine
	<bean id="defaultResultCompletionPolicy" class="org.springframework.batch.repeat.policy.DefaultResultCompletionPolicy" />
	-->

</beans>
